<?xml version="1.0" encoding="UTF-8"?>
<!-- Generated by org.testng.reporters.JUnitReportReporter -->
<testsuite hostname="LAPTOP-V7M1F0GS" failures="0" tests="4" name="api.test.UserTest" time="13.142" errors="0" timestamp="2025-01-25T08:59:48 IST" skipped="0">
  <testcase classname="api.test.UserTest" name="testPostUser" time="5.412"/>
  <testcase classname="api.test.UserTest" name="testGetUserByName" time="2.662"/>
  <testcase classname="api.test.UserTest" name="testUpdateByName" time="3.850"/>
  <testcase classname="api.test.UserTest" name="testDeleteUserByName" time="1.218"/>
</testsuite> <!-- api.test.UserTest -->
