<?xml version="1.0" encoding="UTF-8"?>
<!-- Generated by org.testng.reporters.JUnitReportReporter -->
<testsuite hostname="LAPTOP-V7M1F0GS" failures="0" tests="4" name="api.test.UserTest" time="24.376" errors="0" timestamp="2023-11-05T07:39:08 IST" skipped="0">
  <testcase classname="api.test.UserTest" name="testPostUser" time="5.495"/>
  <testcase classname="api.test.UserTest" name="testGetUserByName" time="3.167"/>
  <testcase classname="api.test.UserTest" name="testUpdateByName" time="12.602"/>
  <testcase classname="api.test.UserTest" name="testDeleteUserByName" time="3.112"/>
</testsuite> <!-- api.test.UserTest -->
