<?xml version="1.0" encoding="UTF-8"?>
<!-- Generated by org.testng.reporters.JUnitReportReporter -->
<testsuite hostname="LAPTOP-V7M1F0GS" failures="0" tests="9" name="api.test.DDTest" time="37.579" errors="0" timestamp="2023-12-04T07:13:37 IST" skipped="0">
  <testcase classname="api.test.DDTest" name="testPostUser" time="5.627"/>
  <testcase classname="api.test.DDTest" name="testPostUser" time="7.786"/>
  <testcase classname="api.test.DDTest" name="testPostUser" time="3.042"/>
  <testcase classname="api.test.DDTest" name="testGetUser" time="3.579"/>
  <testcase classname="api.test.DDTest" name="testGetUser" time="3.324"/>
  <testcase classname="api.test.DDTest" name="testGetUser" time="3.828"/>
  <testcase classname="api.test.DDTest" name="testDeleteUser" time="2.149"/>
  <testcase classname="api.test.DDTest" name="testDeleteUser" time="1.791"/>
  <testcase classname="api.test.DDTest" name="testDeleteUser" time="6.453"/>
</testsuite> <!-- api.test.DDTest -->
