<?xml version="1.0" encoding="UTF-8"?>
<!-- Generated by org.testng.reporters.JUnitReportReporter -->
<testsuite hostname="LAPTOP-V7M1F0GS" failures="0" tests="3" name="api.test.DDTest" time="8.386" errors="0" timestamp="2025-01-25T09:53:16 IST" skipped="0">
  <testcase classname="api.test.DDTest" name="testPostUser" time="1.531"/>
  <testcase classname="api.test.DDTest" name="testPostUser" time="5.583"/>
  <testcase classname="api.test.DDTest" name="testPostUser" time="1.272"/>
</testsuite> <!-- api.test.DDTest -->
