<?xml version="1.0" encoding="UTF-8"?>
<!-- Generated by org.testng.reporters.JUnitReportReporter -->
<testsuite hostname="LAPTOP-V7M1F0GS" failures="0" tests="4" name="api.test.UserTest" time="16.851" errors="0" timestamp="2025-01-25T16:26:58 IST" skipped="0">
  <testcase classname="api.test.UserTest" name="testPostUser" time="3.872"/>
  <testcase classname="api.test.UserTest" name="testGetUserByName" time="3.001"/>
  <testcase classname="api.test.UserTest" name="testUpdateByName" time="6.401"/>
  <testcase classname="api.test.UserTest" name="testDeleteUserByName" time="3.577"/>
</testsuite> <!-- api.test.UserTest -->
