<?xml version="1.0" encoding="UTF-8"?>
<!-- Generated by org.testng.reporters.JUnitReportReporter -->
<testsuite hostname="LAPTOP-V7M1F0GS" failures="0" tests="4" name="api.test.UserTest" time="25.865" errors="0" timestamp="2025-01-25T09:34:33 IST" skipped="0">
  <testcase classname="api.test.UserTest" name="testPostUser" time="5.524"/>
  <testcase classname="api.test.UserTest" name="testGetUserByName" time="2.177"/>
  <testcase classname="api.test.UserTest" name="testUpdateByName" time="11.679"/>
  <testcase classname="api.test.UserTest" name="testDeleteUserByName" time="6.485"/>
</testsuite> <!-- api.test.UserTest -->
