<?xml version="1.0" encoding="UTF-8"?>
<!-- Generated by org.testng.reporters.JUnitReportReporter -->
<testsuite hostname="LAPTOP-V7M1F0GS" failures="0" tests="4" name="api.test.UserTest" time="25.780" errors="0" timestamp="2023-12-04T07:13:37 IST" skipped="0">
  <testcase classname="api.test.UserTest" name="testPostUser" time="8.856"/>
  <testcase classname="api.test.UserTest" name="testGetUserByName" time="4.958"/>
  <testcase classname="api.test.UserTest" name="testUpdateByName" time="9.827"/>
  <testcase classname="api.test.UserTest" name="testDeleteUserByName" time="2.139"/>
</testsuite> <!-- api.test.UserTest -->
