<?xml version="1.0" encoding="UTF-8"?>
<!-- Generated by org.testng.reporters.JUnitReportReporter -->
<testsuite hostname="LAPTOP-V7M1F0GS" failures="0" tests="9" name="api.test.DDTest" time="46.797" errors="0" timestamp="2025-01-25T09:34:33 IST" skipped="0">
  <testcase classname="api.test.DDTest" name="testPostUser" time="2.310"/>
  <testcase classname="api.test.DDTest" name="testPostUser" time="3.021"/>
  <testcase classname="api.test.DDTest" name="testPostUser" time="1.571"/>
  <testcase classname="api.test.DDTest" name="testGetUser" time="5.464"/>
  <testcase classname="api.test.DDTest" name="testGetUser" time="3.473"/>
  <testcase classname="api.test.DDTest" name="testGetUser" time="3.806"/>
  <testcase classname="api.test.DDTest" name="testDeleteUser" time="7.218"/>
  <testcase classname="api.test.DDTest" name="testDeleteUser" time="14.823"/>
  <testcase classname="api.test.DDTest" name="testDeleteUser" time="5.111"/>
</testsuite> <!-- api.test.DDTest -->
