<?xml version="1.0" encoding="UTF-8"?>
<!-- Generated by org.testng.reporters.JUnitReportReporter -->
<testsuite hostname="LAPTOP-V7M1F0GS" failures="0" tests="9" name="api.test.DDTest" time="13.173" errors="0" timestamp="2025-01-25T08:59:48 IST" skipped="0">
  <testcase classname="api.test.DDTest" name="testPostUser" time="1.689"/>
  <testcase classname="api.test.DDTest" name="testPostUser" time="1.250"/>
  <testcase classname="api.test.DDTest" name="testPostUser" time="1.407"/>
  <testcase classname="api.test.DDTest" name="testGetUser" time="1.654"/>
  <testcase classname="api.test.DDTest" name="testGetUser" time="1.320"/>
  <testcase classname="api.test.DDTest" name="testGetUser" time="1.344"/>
  <testcase classname="api.test.DDTest" name="testDeleteUser" time="1.259"/>
  <testcase classname="api.test.DDTest" name="testDeleteUser" time="1.201"/>
  <testcase classname="api.test.DDTest" name="testDeleteUser" time="2.049"/>
</testsuite> <!-- api.test.DDTest -->
