<?xml version="1.0" encoding="UTF-8"?>
<!-- Generated by org.testng.reporters.JUnitReportReporter -->
<testsuite hostname="LAPTOP-V7M1F0GS" failures="0" tests="4" name="api.test.UserTest" time="14.527" errors="0" timestamp="2025-01-25T14:40:21 IST" skipped="0">
  <testcase classname="api.test.UserTest" name="testPostUser" time="5.295"/>
  <testcase classname="api.test.UserTest" name="testGetUserByName" time="1.734"/>
  <testcase classname="api.test.UserTest" name="testUpdateByName" time="3.879"/>
  <testcase classname="api.test.UserTest" name="testDeleteUserByName" time="3.619"/>
</testsuite> <!-- api.test.UserTest -->
