<?xml version="1.0" encoding="UTF-8"?>
<!-- Generated by org.testng.reporters.JUnitReportReporter -->
<testsuite hostname="LAPTOP-V7M1F0GS" failures="0" tests="9" name="api.test.DDTest" time="19.174" errors="0" timestamp="2023-11-07T07:27:51 IST" skipped="0">
  <testcase classname="api.test.DDTest" name="testPostUser" time="4.025"/>
  <testcase classname="api.test.DDTest" name="testPostUser" time="1.745"/>
  <testcase classname="api.test.DDTest" name="testPostUser" time="2.937"/>
  <testcase classname="api.test.DDTest" name="testGetUser" time="1.563"/>
  <testcase classname="api.test.DDTest" name="testGetUser" time="1.656"/>
  <testcase classname="api.test.DDTest" name="testGetUser" time="1.651"/>
  <testcase classname="api.test.DDTest" name="testDeleteUser" time="1.764"/>
  <testcase classname="api.test.DDTest" name="testDeleteUser" time="2.254"/>
  <testcase classname="api.test.DDTest" name="testDeleteUser" time="1.579"/>
</testsuite> <!-- api.test.DDTest -->
