<?xml version="1.0" encoding="UTF-8"?>
<!-- Generated by org.testng.reporters.JUnitReportReporter -->
<testsuite hostname="LAPTOP-V7M1F0GS" failures="0" tests="9" name="api.test.DDTest" time="33.966" errors="0" timestamp="2024-01-17T18:33:12 IST" skipped="0">
  <testcase classname="api.test.DDTest" name="testPostUser" time="5.449"/>
  <testcase classname="api.test.DDTest" name="testPostUser" time="3.067"/>
  <testcase classname="api.test.DDTest" name="testPostUser" time="3.547"/>
  <testcase classname="api.test.DDTest" name="testGetUser" time="3.223"/>
  <testcase classname="api.test.DDTest" name="testGetUser" time="4.826"/>
  <testcase classname="api.test.DDTest" name="testGetUser" time="4.087"/>
  <testcase classname="api.test.DDTest" name="testDeleteUser" time="3.068"/>
  <testcase classname="api.test.DDTest" name="testDeleteUser" time="3.784"/>
  <testcase classname="api.test.DDTest" name="testDeleteUser" time="2.915"/>
</testsuite> <!-- api.test.DDTest -->
