<?xml version="1.0" encoding="UTF-8"?>
<!-- Generated by org.testng.reporters.JUnitReportReporter -->
<testsuite hostname="LAPTOP-V7M1F0GS" failures="0" tests="4" name="api.test.UserTest" time="10.904" errors="0" timestamp="2023-11-08T07:04:02 IST" skipped="0">
  <testcase classname="api.test.UserTest" name="testPostUser" time="4.231"/>
  <testcase classname="api.test.UserTest" name="testGetUserByName" time="1.680"/>
  <testcase classname="api.test.UserTest" name="testUpdateByName" time="3.424"/>
  <testcase classname="api.test.UserTest" name="testDeleteUserByName" time="1.569"/>
</testsuite> <!-- api.test.UserTest -->
