<?xml version="1.0" encoding="UTF-8"?>
<!-- Generated by org.testng.reporters.JUnitReportReporter -->
<testsuite hostname="LAPTOP-V7M1F0GS" failures="0" tests="4" name="api.test.UserTest" time="30.782" errors="0" timestamp="2025-01-25T09:40:08 IST" skipped="0">
  <testcase classname="api.test.UserTest" name="testPostUser" time="3.981"/>
  <testcase classname="api.test.UserTest" name="testGetUserByName" time="6.731"/>
  <testcase classname="api.test.UserTest" name="testUpdateByName" time="8.805"/>
  <testcase classname="api.test.UserTest" name="testDeleteUserByName" time="11.265"/>
</testsuite> <!-- api.test.UserTest -->
