<?xml version="1.0" encoding="UTF-8"?>
<!-- Generated by org.testng.reporters.JUnitReportReporter -->
<testsuite hostname="LAPTOP-V7M1F0GS" failures="0" tests="4" name="api.test.UserTest" time="14.867" errors="0" timestamp="2024-01-17T18:33:12 IST" skipped="0">
  <testcase classname="api.test.UserTest" name="testPostUser" time="4.652"/>
  <testcase classname="api.test.UserTest" name="testGetUserByName" time="2.281"/>
  <testcase classname="api.test.UserTest" name="testUpdateByName" time="4.332"/>
  <testcase classname="api.test.UserTest" name="testDeleteUserByName" time="3.602"/>
</testsuite> <!-- api.test.UserTest -->
