<?xml version="1.0" encoding="UTF-8"?>
<!-- Generated by org.testng.reporters.JUnitReportReporter -->
<testsuite hostname="LAPTOP-V7M1F0GS" failures="0" tests="4" name="api.test.UserTest" time="24.149" errors="0" timestamp="2025-01-26T12:58:33 IST" skipped="0">
  <testcase classname="api.test.UserTest" name="testPostUser" time="7.090"/>
  <testcase classname="api.test.UserTest" name="testGetUserByName" time="3.956"/>
  <testcase classname="api.test.UserTest" name="testUpdateByName" time="9.730"/>
  <testcase classname="api.test.UserTest" name="testDeleteUserByName" time="3.373"/>
</testsuite> <!-- api.test.UserTest -->
