<?xml version="1.0" encoding="UTF-8"?>
<!-- Generated by org.testng.reporters.JUnitReportReporter -->
<testsuite hostname="LAPTOP-V7M1F0GS" failures="0" tests="9" name="api.test.DDTest" time="17.817" errors="0" timestamp="2023-11-08T07:04:02 IST" skipped="0">
  <testcase classname="api.test.DDTest" name="testPostUser" time="4.352"/>
  <testcase classname="api.test.DDTest" name="testPostUser" time="1.587"/>
  <testcase classname="api.test.DDTest" name="testPostUser" time="1.892"/>
  <testcase classname="api.test.DDTest" name="testGetUser" time="1.706"/>
  <testcase classname="api.test.DDTest" name="testGetUser" time="1.719"/>
  <testcase classname="api.test.DDTest" name="testGetUser" time="1.589"/>
  <testcase classname="api.test.DDTest" name="testDeleteUser" time="1.712"/>
  <testcase classname="api.test.DDTest" name="testDeleteUser" time="1.506"/>
  <testcase classname="api.test.DDTest" name="testDeleteUser" time="1.754"/>
</testsuite> <!-- api.test.DDTest -->
