<?xml version="1.0" encoding="UTF-8"?>
<!-- Generated by org.testng.reporters.JUnitReportReporter -->
<testsuite hostname="LAPTOP-V7M1F0GS" failures="0" tests="9" name="api.test.DDTest" time="106.069" errors="0" timestamp="2025-01-25T09:40:08 IST" skipped="0">
  <testcase classname="api.test.DDTest" name="testPostUser" time="2.610"/>
  <testcase classname="api.test.DDTest" name="testPostUser" time="1.580"/>
  <testcase classname="api.test.DDTest" name="testPostUser" time="6.405"/>
  <testcase classname="api.test.DDTest" name="testGetUser" time="3.297"/>
  <testcase classname="api.test.DDTest" name="testGetUser" time="2.094"/>
  <testcase classname="api.test.DDTest" name="testGetUser" time="2.609"/>
  <testcase classname="api.test.DDTest" name="testDeleteUser" time="2.395"/>
  <testcase classname="api.test.DDTest" name="testDeleteUser" time="2.855"/>
  <testcase classname="api.test.DDTest" name="testDeleteUser" time="82.224"/>
</testsuite> <!-- api.test.DDTest -->
